<?xml version="1.0" encoding="UTF-8"?>
<testsuites>
  <testsuite name="C:\wamp\www\php-datatypes\phpunit.xml" tests="205" assertions="283" errors="0" failures="0" skipped="0" time="0.095137">
    <testsuite name="Default" tests="205" assertions="283" errors="0" failures="0" skipped="0" time="0.095137">
      <testsuite name="Nejcc\PhpDatatypes\Tests\ByteSliceTest" file="C:\wamp\www\php-datatypes\Tests\ByteSliceTest.php" tests="11" assertions="16" errors="0" failures="0" skipped="0" time="0.011371">
        <testcase name="testCreateValidByteSlice" file="C:\wamp\www\php-datatypes\Tests\ByteSliceTest.php" line="15" class="Nejcc\PhpDatatypes\Tests\ByteSliceTest" classname="Nejcc.PhpDatatypes.Tests.ByteSliceTest" assertions="1" time="0.005528"/>
        <testcase name="testCreateInvalidByteSlice" file="C:\wamp\www\php-datatypes\Tests\ByteSliceTest.php" line="24" class="Nejcc\PhpDatatypes\Tests\ByteSliceTest" classname="Nejcc.PhpDatatypes.Tests.ByteSliceTest" assertions="2" time="0.001833"/>
        <testcase name="testConvertToHexadecimal" file="C:\wamp\www\php-datatypes\Tests\ByteSliceTest.php" line="35" class="Nejcc\PhpDatatypes\Tests\ByteSliceTest" classname="Nejcc.PhpDatatypes.Tests.ByteSliceTest" assertions="1" time="0.000321"/>
        <testcase name="testSliceByteSlice" file="C:\wamp\www\php-datatypes\Tests\ByteSliceTest.php" line="44" class="Nejcc\PhpDatatypes\Tests\ByteSliceTest" classname="Nejcc.PhpDatatypes.Tests.ByteSliceTest" assertions="1" time="0.000305"/>
        <testcase name="testMergeByteSlices" file="C:\wamp\www\php-datatypes\Tests\ByteSliceTest.php" line="54" class="Nejcc\PhpDatatypes\Tests\ByteSliceTest" classname="Nejcc.PhpDatatypes.Tests.ByteSliceTest" assertions="1" time="0.000305"/>
        <testcase name="testGetByteCount" file="C:\wamp\www\php-datatypes\Tests\ByteSliceTest.php" line="66" class="Nejcc\PhpDatatypes\Tests\ByteSliceTest" classname="Nejcc.PhpDatatypes.Tests.ByteSliceTest" assertions="1" time="0.000662"/>
        <testcase name="testArrayAccessGet" file="C:\wamp\www\php-datatypes\Tests\ByteSliceTest.php" line="75" class="Nejcc\PhpDatatypes\Tests\ByteSliceTest" classname="Nejcc.PhpDatatypes.Tests.ByteSliceTest" assertions="2" time="0.000606"/>
        <testcase name="testArrayAccessSetThrowsException" file="C:\wamp\www\php-datatypes\Tests\ByteSliceTest.php" line="85" class="Nejcc\PhpDatatypes\Tests\ByteSliceTest" classname="Nejcc.PhpDatatypes.Tests.ByteSliceTest" assertions="2" time="0.000603"/>
        <testcase name="testArrayAccessUnsetThrowsException" file="C:\wamp\www\php-datatypes\Tests\ByteSliceTest.php" line="97" class="Nejcc\PhpDatatypes\Tests\ByteSliceTest" classname="Nejcc.PhpDatatypes.Tests.ByteSliceTest" assertions="2" time="0.000558"/>
        <testcase name="testIterationOverByteSlice" file="C:\wamp\www\php-datatypes\Tests\ByteSliceTest.php" line="109" class="Nejcc\PhpDatatypes\Tests\ByteSliceTest" classname="Nejcc.PhpDatatypes.Tests.ByteSliceTest" assertions="1" time="0.000311"/>
        <testcase name="testEmptyByteSlice" file="C:\wamp\www\php-datatypes\Tests\ByteSliceTest.php" line="124" class="Nejcc\PhpDatatypes\Tests\ByteSliceTest" classname="Nejcc.PhpDatatypes.Tests.ByteSliceTest" assertions="2" time="0.000342"/>
      </testsuite>
      <testsuite name="Nejcc\PhpDatatypes\Tests\ByteTest" file="C:\wamp\www\php-datatypes\Tests\ByteTest.php" tests="18" assertions="18" errors="0" failures="0" skipped="0" time="0.006607">
        <testcase name="testConstructorThrowsExceptionOnInvalidValue" file="C:\wamp\www\php-datatypes\Tests\ByteTest.php" line="15" class="Nejcc\PhpDatatypes\Tests\ByteTest" classname="Nejcc.PhpDatatypes.Tests.ByteTest" assertions="1" time="0.001035"/>
        <testcase name="testConstructorAssignsValidValue" file="C:\wamp\www\php-datatypes\Tests\ByteTest.php" line="24" class="Nejcc\PhpDatatypes\Tests\ByteTest" classname="Nejcc.PhpDatatypes.Tests.ByteTest" assertions="1" time="0.000661"/>
        <testcase name="testAndOperation" file="C:\wamp\www\php-datatypes\Tests\ByteTest.php" line="33" class="Nejcc\PhpDatatypes\Tests\ByteTest" classname="Nejcc.PhpDatatypes.Tests.ByteTest" assertions="1" time="0.000304"/>
        <testcase name="testOrOperation" file="C:\wamp\www\php-datatypes\Tests\ByteTest.php" line="45" class="Nejcc\PhpDatatypes\Tests\ByteTest" classname="Nejcc.PhpDatatypes.Tests.ByteTest" assertions="1" time="0.000291"/>
        <testcase name="testXorOperation" file="C:\wamp\www\php-datatypes\Tests\ByteTest.php" line="57" class="Nejcc\PhpDatatypes\Tests\ByteTest" classname="Nejcc.PhpDatatypes.Tests.ByteTest" assertions="1" time="0.000290"/>
        <testcase name="testNotOperation" file="C:\wamp\www\php-datatypes\Tests\ByteTest.php" line="69" class="Nejcc\PhpDatatypes\Tests\ByteTest" classname="Nejcc.PhpDatatypes.Tests.ByteTest" assertions="1" time="0.000288"/>
        <testcase name="testShiftLeftOperation" file="C:\wamp\www\php-datatypes\Tests\ByteTest.php" line="80" class="Nejcc\PhpDatatypes\Tests\ByteTest" classname="Nejcc.PhpDatatypes.Tests.ByteTest" assertions="1" time="0.000329"/>
        <testcase name="testShiftRightOperation" file="C:\wamp\www\php-datatypes\Tests\ByteTest.php" line="91" class="Nejcc\PhpDatatypes\Tests\ByteTest" classname="Nejcc.PhpDatatypes.Tests.ByteTest" assertions="1" time="0.000296"/>
        <testcase name="testEquals" file="C:\wamp\www\php-datatypes\Tests\ByteTest.php" line="102" class="Nejcc\PhpDatatypes\Tests\ByteTest" classname="Nejcc.PhpDatatypes.Tests.ByteTest" assertions="1" time="0.000518"/>
        <testcase name="testIsGreaterThan" file="C:\wamp\www\php-datatypes\Tests\ByteTest.php" line="113" class="Nejcc\PhpDatatypes\Tests\ByteTest" classname="Nejcc.PhpDatatypes.Tests.ByteTest" assertions="1" time="0.000293"/>
        <testcase name="testIsLessThan" file="C:\wamp\www\php-datatypes\Tests\ByteTest.php" line="124" class="Nejcc\PhpDatatypes\Tests\ByteTest" classname="Nejcc.PhpDatatypes.Tests.ByteTest" assertions="1" time="0.000298"/>
        <testcase name="testToBinary" file="C:\wamp\www\php-datatypes\Tests\ByteTest.php" line="135" class="Nejcc\PhpDatatypes\Tests\ByteTest" classname="Nejcc.PhpDatatypes.Tests.ByteTest" assertions="1" time="0.000289"/>
        <testcase name="testToHex" file="C:\wamp\www\php-datatypes\Tests\ByteTest.php" line="144" class="Nejcc\PhpDatatypes\Tests\ByteTest" classname="Nejcc.PhpDatatypes.Tests.ByteTest" assertions="1" time="0.000282"/>
        <testcase name="testFromBinary" file="C:\wamp\www\php-datatypes\Tests\ByteTest.php" line="153" class="Nejcc\PhpDatatypes\Tests\ByteTest" classname="Nejcc.PhpDatatypes.Tests.ByteTest" assertions="1" time="0.000291"/>
        <testcase name="testFromHex" file="C:\wamp\www\php-datatypes\Tests\ByteTest.php" line="162" class="Nejcc\PhpDatatypes\Tests\ByteTest" classname="Nejcc.PhpDatatypes.Tests.ByteTest" assertions="1" time="0.000283"/>
        <testcase name="testAddWithOverflow" file="C:\wamp\www\php-datatypes\Tests\ByteTest.php" line="171" class="Nejcc\PhpDatatypes\Tests\ByteTest" classname="Nejcc.PhpDatatypes.Tests.ByteTest" assertions="1" time="0.000285"/>
        <testcase name="testSubtractWithUnderflow" file="C:\wamp\www\php-datatypes\Tests\ByteTest.php" line="182" class="Nejcc\PhpDatatypes\Tests\ByteTest" classname="Nejcc.PhpDatatypes.Tests.ByteTest" assertions="1" time="0.000288"/>
        <testcase name="testToString" file="C:\wamp\www\php-datatypes\Tests\ByteTest.php" line="193" class="Nejcc\PhpDatatypes\Tests\ByteTest" classname="Nejcc.PhpDatatypes.Tests.ByteTest" assertions="1" time="0.000285"/>
      </testsuite>
      <testsuite name="Nejcc\PhpDatatypes\Tests\CharTest" file="C:\wamp\www\php-datatypes\Tests\CharTest.php" tests="13" assertions="18" errors="0" failures="0" skipped="0" time="0.004947">
        <testcase name="testConstructorThrowsExceptionOnInvalidValue" file="C:\wamp\www\php-datatypes\Tests\CharTest.php" line="15" class="Nejcc\PhpDatatypes\Tests\CharTest" classname="Nejcc.PhpDatatypes.Tests.CharTest" assertions="1" time="0.000885"/>
        <testcase name="testConstructorAssignsValidValue" file="C:\wamp\www\php-datatypes\Tests\CharTest.php" line="24" class="Nejcc\PhpDatatypes\Tests\CharTest" classname="Nejcc.PhpDatatypes.Tests.CharTest" assertions="1" time="0.000318"/>
        <testcase name="testToUpperCase" file="C:\wamp\www\php-datatypes\Tests\CharTest.php" line="33" class="Nejcc\PhpDatatypes\Tests\CharTest" classname="Nejcc.PhpDatatypes.Tests.CharTest" assertions="1" time="0.000291"/>
        <testcase name="testToLowerCase" file="C:\wamp\www\php-datatypes\Tests\CharTest.php" line="44" class="Nejcc\PhpDatatypes\Tests\CharTest" classname="Nejcc.PhpDatatypes.Tests.CharTest" assertions="1" time="0.000290"/>
        <testcase name="testIsLetter" file="C:\wamp\www\php-datatypes\Tests\CharTest.php" line="55" class="Nejcc\PhpDatatypes\Tests\CharTest" classname="Nejcc.PhpDatatypes.Tests.CharTest" assertions="2" time="0.000488"/>
        <testcase name="testIsDigit" file="C:\wamp\www\php-datatypes\Tests\CharTest.php" line="67" class="Nejcc\PhpDatatypes\Tests\CharTest" classname="Nejcc.PhpDatatypes.Tests.CharTest" assertions="2" time="0.000294"/>
        <testcase name="testIsUpperCase" file="C:\wamp\www\php-datatypes\Tests\CharTest.php" line="79" class="Nejcc\PhpDatatypes\Tests\CharTest" classname="Nejcc.PhpDatatypes.Tests.CharTest" assertions="2" time="0.000292"/>
        <testcase name="testIsLowerCase" file="C:\wamp\www\php-datatypes\Tests\CharTest.php" line="91" class="Nejcc\PhpDatatypes\Tests\CharTest" classname="Nejcc.PhpDatatypes.Tests.CharTest" assertions="2" time="0.000392"/>
        <testcase name="testEquals" file="C:\wamp\www\php-datatypes\Tests\CharTest.php" line="103" class="Nejcc\PhpDatatypes\Tests\CharTest" classname="Nejcc.PhpDatatypes.Tests.CharTest" assertions="2" time="0.000286"/>
        <testcase name="testToAscii" file="C:\wamp\www\php-datatypes\Tests\CharTest.php" line="116" class="Nejcc\PhpDatatypes\Tests\CharTest" classname="Nejcc.PhpDatatypes.Tests.CharTest" assertions="1" time="0.000280"/>
        <testcase name="testFromAscii" file="C:\wamp\www\php-datatypes\Tests\CharTest.php" line="125" class="Nejcc\PhpDatatypes\Tests\CharTest" classname="Nejcc.PhpDatatypes.Tests.CharTest" assertions="1" time="0.000278"/>
        <testcase name="testFromAsciiThrowsExceptionOnInvalidValue" file="C:\wamp\www\php-datatypes\Tests\CharTest.php" line="134" class="Nejcc\PhpDatatypes\Tests\CharTest" classname="Nejcc.PhpDatatypes.Tests.CharTest" assertions="1" time="0.000578"/>
        <testcase name="testToString" file="C:\wamp\www\php-datatypes\Tests\CharTest.php" line="143" class="Nejcc\PhpDatatypes\Tests\CharTest" classname="Nejcc.PhpDatatypes.Tests.CharTest" assertions="1" time="0.000273"/>
      </testsuite>
      <testsuite name="Nejcc\PhpDatatypes\Tests\DictionaryTest" file="C:\wamp\www\php-datatypes\Tests\DictionaryTest.php" tests="10" assertions="21" errors="0" failures="0" skipped="0" time="0.004218">
        <testcase name="testCanInitializeWithElements" file="C:\wamp\www\php-datatypes\Tests\DictionaryTest.php" line="13" class="Nejcc\PhpDatatypes\Tests\DictionaryTest" classname="Nejcc.PhpDatatypes.Tests.DictionaryTest" assertions="2" time="0.000629"/>
        <testcase name="testAddAndGetElements" file="C:\wamp\www\php-datatypes\Tests\DictionaryTest.php" line="24" class="Nejcc\PhpDatatypes\Tests\DictionaryTest" classname="Nejcc.PhpDatatypes.Tests.DictionaryTest" assertions="2" time="0.000313"/>
        <testcase name="testContainsKey" file="C:\wamp\www\php-datatypes\Tests\DictionaryTest.php" line="34" class="Nejcc\PhpDatatypes\Tests\DictionaryTest" classname="Nejcc.PhpDatatypes.Tests.DictionaryTest" assertions="2" time="0.000292"/>
        <testcase name="testRemoveElement" file="C:\wamp\www\php-datatypes\Tests\DictionaryTest.php" line="44" class="Nejcc\PhpDatatypes\Tests\DictionaryTest" classname="Nejcc.PhpDatatypes.Tests.DictionaryTest" assertions="3" time="0.000578"/>
        <testcase name="testGetKeysAndValues" file="C:\wamp\www\php-datatypes\Tests\DictionaryTest.php" line="59" class="Nejcc\PhpDatatypes\Tests\DictionaryTest" classname="Nejcc.PhpDatatypes.Tests.DictionaryTest" assertions="2" time="0.000288"/>
        <testcase name="testDictionarySize" file="C:\wamp\www\php-datatypes\Tests\DictionaryTest.php" line="71" class="Nejcc\PhpDatatypes\Tests\DictionaryTest" classname="Nejcc.PhpDatatypes.Tests.DictionaryTest" assertions="2" time="0.000303"/>
        <testcase name="testClearDictionary" file="C:\wamp\www\php-datatypes\Tests\DictionaryTest.php" line="84" class="Nejcc\PhpDatatypes\Tests\DictionaryTest" classname="Nejcc.PhpDatatypes.Tests.DictionaryTest" assertions="2" time="0.000299"/>
        <testcase name="testInvalidKeyThrowsException" file="C:\wamp\www\php-datatypes\Tests\DictionaryTest.php" line="97" class="Nejcc\PhpDatatypes\Tests\DictionaryTest" classname="Nejcc.PhpDatatypes.Tests.DictionaryTest" assertions="2" time="0.000560"/>
        <testcase name="testGetNonExistentKeyThrowsException" file="C:\wamp\www\php-datatypes\Tests\DictionaryTest.php" line="106" class="Nejcc\PhpDatatypes\Tests\DictionaryTest" classname="Nejcc.PhpDatatypes.Tests.DictionaryTest" assertions="2" time="0.000576"/>
        <testcase name="testRemoveNonExistentKeyThrowsException" file="C:\wamp\www\php-datatypes\Tests\DictionaryTest.php" line="115" class="Nejcc\PhpDatatypes\Tests\DictionaryTest" classname="Nejcc.PhpDatatypes.Tests.DictionaryTest" assertions="2" time="0.000380"/>
      </testsuite>
      <testsuite name="Nejcc\PhpDatatypes\Tests\FloatArrayTest" file="C:\wamp\www\php-datatypes\Tests\FloatArrayTest.php" tests="13" assertions="19" errors="0" failures="0" skipped="0" time="0.005751">
        <testcase name="testCreateValidFloatArray" file="C:\wamp\www\php-datatypes\Tests\FloatArrayTest.php" line="16" class="Nejcc\PhpDatatypes\Tests\FloatArrayTest" classname="Nejcc.PhpDatatypes.Tests.FloatArrayTest" assertions="1" time="0.000704"/>
        <testcase name="testCreateInvalidFloatArray" file="C:\wamp\www\php-datatypes\Tests\FloatArrayTest.php" line="25" class="Nejcc\PhpDatatypes\Tests\FloatArrayTest" classname="Nejcc.PhpDatatypes.Tests.FloatArrayTest" assertions="2" time="0.000877"/>
        <testcase name="testAddFloats" file="C:\wamp\www\php-datatypes\Tests\FloatArrayTest.php" line="37" class="Nejcc\PhpDatatypes\Tests\FloatArrayTest" classname="Nejcc.PhpDatatypes.Tests.FloatArrayTest" assertions="1" time="0.000298"/>
        <testcase name="testRemoveFloats" file="C:\wamp\www\php-datatypes\Tests\FloatArrayTest.php" line="49" class="Nejcc\PhpDatatypes\Tests\FloatArrayTest" classname="Nejcc.PhpDatatypes.Tests.FloatArrayTest" assertions="1" time="0.000298"/>
        <testcase name="testSumOfFloats" file="C:\wamp\www\php-datatypes\Tests\FloatArrayTest.php" line="61" class="Nejcc\PhpDatatypes\Tests\FloatArrayTest" classname="Nejcc.PhpDatatypes.Tests.FloatArrayTest" assertions="1" time="0.000292"/>
        <testcase name="testAverageOfFloats" file="C:\wamp\www\php-datatypes\Tests\FloatArrayTest.php" line="71" class="Nejcc\PhpDatatypes\Tests\FloatArrayTest" classname="Nejcc.PhpDatatypes.Tests.FloatArrayTest" assertions="1" time="0.000297"/>
        <testcase name="testAverageOfEmptyFloatArray" file="C:\wamp\www\php-datatypes\Tests\FloatArrayTest.php" line="80" class="Nejcc\PhpDatatypes\Tests\FloatArrayTest" classname="Nejcc.PhpDatatypes.Tests.FloatArrayTest" assertions="2" time="0.000586"/>
        <testcase name="testGetFloatCount" file="C:\wamp\www\php-datatypes\Tests\FloatArrayTest.php" line="93" class="Nejcc\PhpDatatypes\Tests\FloatArrayTest" classname="Nejcc.PhpDatatypes.Tests.FloatArrayTest" assertions="1" time="0.000301"/>
        <testcase name="testArrayAccessGet" file="C:\wamp\www\php-datatypes\Tests\FloatArrayTest.php" line="103" class="Nejcc\PhpDatatypes\Tests\FloatArrayTest" classname="Nejcc.PhpDatatypes.Tests.FloatArrayTest" assertions="2" time="0.000307"/>
        <testcase name="testArrayAccessSetThrowsException" file="C:\wamp\www\php-datatypes\Tests\FloatArrayTest.php" line="113" class="Nejcc\PhpDatatypes\Tests\FloatArrayTest" classname="Nejcc.PhpDatatypes.Tests.FloatArrayTest" assertions="2" time="0.000585"/>
        <testcase name="testArrayAccessUnsetThrowsException" file="C:\wamp\www\php-datatypes\Tests\FloatArrayTest.php" line="125" class="Nejcc\PhpDatatypes\Tests\FloatArrayTest" classname="Nejcc.PhpDatatypes.Tests.FloatArrayTest" assertions="2" time="0.000588"/>
        <testcase name="testIterationOverFloatArray" file="C:\wamp\www\php-datatypes\Tests\FloatArrayTest.php" line="138" class="Nejcc\PhpDatatypes\Tests\FloatArrayTest" classname="Nejcc.PhpDatatypes.Tests.FloatArrayTest" assertions="1" time="0.000317"/>
        <testcase name="testEmptyFloatArray" file="C:\wamp\www\php-datatypes\Tests\FloatArrayTest.php" line="154" class="Nejcc\PhpDatatypes\Tests\FloatArrayTest" classname="Nejcc.PhpDatatypes.Tests.FloatArrayTest" assertions="2" time="0.000300"/>
      </testsuite>
      <testsuite name="Nejcc\PhpDatatypes\Tests\Floats\Float32Test" file="C:\wamp\www\php-datatypes\Tests\Floats\Float32Test.php" tests="2" assertions="2" errors="0" failures="0" skipped="0" time="0.001709">
        <testcase name="testSetAndGetValue" file="C:\wamp\www\php-datatypes\Tests\Floats\Float32Test.php" line="12" class="Nejcc\PhpDatatypes\Tests\Floats\Float32Test" classname="Nejcc.PhpDatatypes.Tests.Floats.Float32Test" assertions="1" time="0.001123"/>
        <testcase name="testOutOfRangeException" file="C:\wamp\www\php-datatypes\Tests\Floats\Float32Test.php" line="18" class="Nejcc\PhpDatatypes\Tests\Floats\Float32Test" classname="Nejcc.PhpDatatypes.Tests.Floats.Float32Test" assertions="1" time="0.000586"/>
      </testsuite>
      <testsuite name="Nejcc\PhpDatatypes\Tests\Float64Test" file="C:\wamp\www\php-datatypes\Tests\Floats\Float64Test.php" tests="2" assertions="2" errors="0" failures="0" skipped="0" time="0.001241">
        <testcase name="testSetAndGetValue" file="C:\wamp\www\php-datatypes\Tests\Floats\Float64Test.php" line="13" class="Nejcc\PhpDatatypes\Tests\Float64Test" classname="Nejcc.PhpDatatypes.Tests.Float64Test" assertions="1" time="0.000635"/>
        <testcase name="testOutOfRangeException" file="C:\wamp\www\php-datatypes\Tests\Floats\Float64Test.php" line="19" class="Nejcc\PhpDatatypes\Tests\Float64Test" classname="Nejcc.PhpDatatypes.Tests.Float64Test" assertions="1" time="0.000606"/>
      </testsuite>
      <testsuite name="Nejcc\PhpDatatypes\Tests\HttpStatusCodeTest" file="C:\wamp\www\php-datatypes\Tests\HttpStatusCodeTest.php" tests="10" assertions="21" errors="0" failures="0" skipped="0" time="0.004760">
        <testcase name="testIsInformational" file="C:\wamp\www\php-datatypes\Tests\HttpStatusCodeTest.php" line="12" class="Nejcc\PhpDatatypes\Tests\HttpStatusCodeTest" classname="Nejcc.PhpDatatypes.Tests.HttpStatusCodeTest" assertions="2" time="0.000868"/>
        <testcase name="testIsSuccess" file="C:\wamp\www\php-datatypes\Tests\HttpStatusCodeTest.php" line="18" class="Nejcc\PhpDatatypes\Tests\HttpStatusCodeTest" classname="Nejcc.PhpDatatypes.Tests.HttpStatusCodeTest" assertions="2" time="0.000301"/>
        <testcase name="testIsRedirection" file="C:\wamp\www\php-datatypes\Tests\HttpStatusCodeTest.php" line="24" class="Nejcc\PhpDatatypes\Tests\HttpStatusCodeTest" classname="Nejcc.PhpDatatypes.Tests.HttpStatusCodeTest" assertions="2" time="0.000302"/>
        <testcase name="testIsClientError" file="C:\wamp\www\php-datatypes\Tests\HttpStatusCodeTest.php" line="30" class="Nejcc\PhpDatatypes\Tests\HttpStatusCodeTest" classname="Nejcc.PhpDatatypes.Tests.HttpStatusCodeTest" assertions="2" time="0.000309"/>
        <testcase name="testIsServerError" file="C:\wamp\www\php-datatypes\Tests\HttpStatusCodeTest.php" line="36" class="Nejcc\PhpDatatypes\Tests\HttpStatusCodeTest" classname="Nejcc.PhpDatatypes.Tests.HttpStatusCodeTest" assertions="2" time="0.000281"/>
        <testcase name="testGetMessage" file="C:\wamp\www\php-datatypes\Tests\HttpStatusCodeTest.php" line="42" class="Nejcc\PhpDatatypes\Tests\HttpStatusCodeTest" classname="Nejcc.PhpDatatypes.Tests.HttpStatusCodeTest" assertions="3" time="0.000286"/>
        <testcase name="testGetSuggestion" file="C:\wamp\www\php-datatypes\Tests\HttpStatusCodeTest.php" line="49" class="Nejcc\PhpDatatypes\Tests\HttpStatusCodeTest" classname="Nejcc.PhpDatatypes.Tests.HttpStatusCodeTest" assertions="3" time="0.000285"/>
        <testcase name="testBuildResponse" file="C:\wamp\www\php-datatypes\Tests\HttpStatusCodeTest.php" line="65" class="Nejcc\PhpDatatypes\Tests\HttpStatusCodeTest" classname="Nejcc.PhpDatatypes.Tests.HttpStatusCodeTest" assertions="1" time="0.000281"/>
        <testcase name="testGetSuccessCodes" file="C:\wamp\www\php-datatypes\Tests\HttpStatusCodeTest.php" line="82" class="Nejcc\PhpDatatypes\Tests\HttpStatusCodeTest" classname="Nejcc.PhpDatatypes.Tests.HttpStatusCodeTest" assertions="2" time="0.001495"/>
        <testcase name="testGetClientErrorCodes" file="C:\wamp\www\php-datatypes\Tests\HttpStatusCodeTest.php" line="89" class="Nejcc\PhpDatatypes\Tests\HttpStatusCodeTest" classname="Nejcc.PhpDatatypes.Tests.HttpStatusCodeTest" assertions="2" time="0.000353"/>
      </testsuite>
      <testsuite name="Nejcc\PhpDatatypes\Tests\Integers\Signed\Int16Test" file="C:\wamp\www\php-datatypes\Tests\Integers\Signed\Int16Test.php" tests="15" assertions="17" errors="0" failures="0" skipped="0" time="0.007427">
        <testcase name="testValidInitialization" file="C:\wamp\www\php-datatypes\Tests\Integers\Signed\Int16Test.php" line="13" class="Nejcc\PhpDatatypes\Tests\Integers\Signed\Int16Test" classname="Nejcc.PhpDatatypes.Tests.Integers.Signed.Int16Test" assertions="1" time="0.001740"/>
        <testcase name="testInvalidInitialization" file="C:\wamp\www\php-datatypes\Tests\Integers\Signed\Int16Test.php" line="19" class="Nejcc\PhpDatatypes\Tests\Integers\Signed\Int16Test" classname="Nejcc.PhpDatatypes.Tests.Integers.Signed.Int16Test" assertions="1" time="0.000592"/>
        <testcase name="testAdditionWithinBounds" file="C:\wamp\www\php-datatypes\Tests\Integers\Signed\Int16Test.php" line="25" class="Nejcc\PhpDatatypes\Tests\Integers\Signed\Int16Test" classname="Nejcc.PhpDatatypes.Tests.Integers.Signed.Int16Test" assertions="1" time="0.000310"/>
        <testcase name="testAdditionOverflow" file="C:\wamp\www\php-datatypes\Tests\Integers\Signed\Int16Test.php" line="33" class="Nejcc\PhpDatatypes\Tests\Integers\Signed\Int16Test" classname="Nejcc.PhpDatatypes.Tests.Integers.Signed.Int16Test" assertions="1" time="0.000558"/>
        <testcase name="testSubtractionWithinBounds" file="C:\wamp\www\php-datatypes\Tests\Integers\Signed\Int16Test.php" line="41" class="Nejcc\PhpDatatypes\Tests\Integers\Signed\Int16Test" classname="Nejcc.PhpDatatypes.Tests.Integers.Signed.Int16Test" assertions="1" time="0.000307"/>
        <testcase name="testSubtractionUnderflow" file="C:\wamp\www\php-datatypes\Tests\Integers\Signed\Int16Test.php" line="49" class="Nejcc\PhpDatatypes\Tests\Integers\Signed\Int16Test" classname="Nejcc.PhpDatatypes.Tests.Integers.Signed.Int16Test" assertions="1" time="0.000555"/>
        <testcase name="testMultiplicationWithinBounds" file="C:\wamp\www\php-datatypes\Tests\Integers\Signed\Int16Test.php" line="57" class="Nejcc\PhpDatatypes\Tests\Integers\Signed\Int16Test" classname="Nejcc.PhpDatatypes.Tests.Integers.Signed.Int16Test" assertions="1" time="0.000308"/>
        <testcase name="testMultiplicationOverflow" file="C:\wamp\www\php-datatypes\Tests\Integers\Signed\Int16Test.php" line="65" class="Nejcc\PhpDatatypes\Tests\Integers\Signed\Int16Test" classname="Nejcc.PhpDatatypes.Tests.Integers.Signed.Int16Test" assertions="1" time="0.000535"/>
        <testcase name="testDivisionWithinBounds" file="C:\wamp\www\php-datatypes\Tests\Integers\Signed\Int16Test.php" line="73" class="Nejcc\PhpDatatypes\Tests\Integers\Signed\Int16Test" classname="Nejcc.PhpDatatypes.Tests.Integers.Signed.Int16Test" assertions="1" time="0.000334"/>
        <testcase name="testDivisionByZero" file="C:\wamp\www\php-datatypes\Tests\Integers\Signed\Int16Test.php" line="81" class="Nejcc\PhpDatatypes\Tests\Integers\Signed\Int16Test" classname="Nejcc.PhpDatatypes.Tests.Integers.Signed.Int16Test" assertions="1" time="0.000636"/>
        <testcase name="testDivisionResultNotInteger" file="C:\wamp\www\php-datatypes\Tests\Integers\Signed\Int16Test.php" line="89" class="Nejcc\PhpDatatypes\Tests\Integers\Signed\Int16Test" classname="Nejcc.PhpDatatypes.Tests.Integers.Signed.Int16Test" assertions="1" time="0.000379"/>
        <testcase name="testModulusWithinBounds" file="C:\wamp\www\php-datatypes\Tests\Integers\Signed\Int16Test.php" line="97" class="Nejcc\PhpDatatypes\Tests\Integers\Signed\Int16Test" classname="Nejcc.PhpDatatypes.Tests.Integers.Signed.Int16Test" assertions="1" time="0.000301"/>
        <testcase name="testEquality" file="C:\wamp\www\php-datatypes\Tests\Integers\Signed\Int16Test.php" line="105" class="Nejcc\PhpDatatypes\Tests\Integers\Signed\Int16Test" classname="Nejcc.PhpDatatypes.Tests.Integers.Signed.Int16Test" assertions="1" time="0.000288"/>
        <testcase name="testInequality" file="C:\wamp\www\php-datatypes\Tests\Integers\Signed\Int16Test.php" line="112" class="Nejcc\PhpDatatypes\Tests\Integers\Signed\Int16Test" classname="Nejcc.PhpDatatypes.Tests.Integers.Signed.Int16Test" assertions="1" time="0.000288"/>
        <testcase name="testComparison" file="C:\wamp\www\php-datatypes\Tests\Integers\Signed\Int16Test.php" line="119" class="Nejcc\PhpDatatypes\Tests\Integers\Signed\Int16Test" classname="Nejcc.PhpDatatypes.Tests.Integers.Signed.Int16Test" assertions="3" time="0.000295"/>
      </testsuite>
      <testsuite name="Nejcc\PhpDatatypes\Tests\Integers\Signed\Int32Test" file="C:\wamp\www\php-datatypes\Tests\Integers\Signed\Int32Test.php" tests="15" assertions="17" errors="0" failures="0" skipped="0" time="0.006535">
        <testcase name="testValidInitialization" file="C:\wamp\www\php-datatypes\Tests\Integers\Signed\Int32Test.php" line="12" class="Nejcc\PhpDatatypes\Tests\Integers\Signed\Int32Test" classname="Nejcc.PhpDatatypes.Tests.Integers.Signed.Int32Test" assertions="1" time="0.000766"/>
        <testcase name="testInvalidInitialization" file="C:\wamp\www\php-datatypes\Tests\Integers\Signed\Int32Test.php" line="18" class="Nejcc\PhpDatatypes\Tests\Integers\Signed\Int32Test" classname="Nejcc.PhpDatatypes.Tests.Integers.Signed.Int32Test" assertions="1" time="0.000644"/>
        <testcase name="testAdditionWithinBounds" file="C:\wamp\www\php-datatypes\Tests\Integers\Signed\Int32Test.php" line="24" class="Nejcc\PhpDatatypes\Tests\Integers\Signed\Int32Test" classname="Nejcc.PhpDatatypes.Tests.Integers.Signed.Int32Test" assertions="1" time="0.000335"/>
        <testcase name="testAdditionOverflow" file="C:\wamp\www\php-datatypes\Tests\Integers\Signed\Int32Test.php" line="32" class="Nejcc\PhpDatatypes\Tests\Integers\Signed\Int32Test" classname="Nejcc.PhpDatatypes.Tests.Integers.Signed.Int32Test" assertions="1" time="0.000555"/>
        <testcase name="testSubtractionWithinBounds" file="C:\wamp\www\php-datatypes\Tests\Integers\Signed\Int32Test.php" line="40" class="Nejcc\PhpDatatypes\Tests\Integers\Signed\Int32Test" classname="Nejcc.PhpDatatypes.Tests.Integers.Signed.Int32Test" assertions="1" time="0.000306"/>
        <testcase name="testSubtractionUnderflow" file="C:\wamp\www\php-datatypes\Tests\Integers\Signed\Int32Test.php" line="48" class="Nejcc\PhpDatatypes\Tests\Integers\Signed\Int32Test" classname="Nejcc.PhpDatatypes.Tests.Integers.Signed.Int32Test" assertions="1" time="0.000542"/>
        <testcase name="testMultiplicationWithinBounds" file="C:\wamp\www\php-datatypes\Tests\Integers\Signed\Int32Test.php" line="56" class="Nejcc\PhpDatatypes\Tests\Integers\Signed\Int32Test" classname="Nejcc.PhpDatatypes.Tests.Integers.Signed.Int32Test" assertions="1" time="0.000308"/>
        <testcase name="testMultiplicationOverflow" file="C:\wamp\www\php-datatypes\Tests\Integers\Signed\Int32Test.php" line="64" class="Nejcc\PhpDatatypes\Tests\Integers\Signed\Int32Test" classname="Nejcc.PhpDatatypes.Tests.Integers.Signed.Int32Test" assertions="1" time="0.000543"/>
        <testcase name="testDivisionWithinBounds" file="C:\wamp\www\php-datatypes\Tests\Integers\Signed\Int32Test.php" line="72" class="Nejcc\PhpDatatypes\Tests\Integers\Signed\Int32Test" classname="Nejcc.PhpDatatypes.Tests.Integers.Signed.Int32Test" assertions="1" time="0.000306"/>
        <testcase name="testDivisionByZero" file="C:\wamp\www\php-datatypes\Tests\Integers\Signed\Int32Test.php" line="80" class="Nejcc\PhpDatatypes\Tests\Integers\Signed\Int32Test" classname="Nejcc.PhpDatatypes.Tests.Integers.Signed.Int32Test" assertions="1" time="0.000669"/>
        <testcase name="testDivisionResultNotInteger" file="C:\wamp\www\php-datatypes\Tests\Integers\Signed\Int32Test.php" line="88" class="Nejcc\PhpDatatypes\Tests\Integers\Signed\Int32Test" classname="Nejcc.PhpDatatypes.Tests.Integers.Signed.Int32Test" assertions="1" time="0.000386"/>
        <testcase name="testModulusWithinBounds" file="C:\wamp\www\php-datatypes\Tests\Integers\Signed\Int32Test.php" line="96" class="Nejcc\PhpDatatypes\Tests\Integers\Signed\Int32Test" classname="Nejcc.PhpDatatypes.Tests.Integers.Signed.Int32Test" assertions="1" time="0.000301"/>
        <testcase name="testEquality" file="C:\wamp\www\php-datatypes\Tests\Integers\Signed\Int32Test.php" line="104" class="Nejcc\PhpDatatypes\Tests\Integers\Signed\Int32Test" classname="Nejcc.PhpDatatypes.Tests.Integers.Signed.Int32Test" assertions="1" time="0.000293"/>
        <testcase name="testInequality" file="C:\wamp\www\php-datatypes\Tests\Integers\Signed\Int32Test.php" line="111" class="Nejcc\PhpDatatypes\Tests\Integers\Signed\Int32Test" classname="Nejcc.PhpDatatypes.Tests.Integers.Signed.Int32Test" assertions="1" time="0.000286"/>
        <testcase name="testComparison" file="C:\wamp\www\php-datatypes\Tests\Integers\Signed\Int32Test.php" line="118" class="Nejcc\PhpDatatypes\Tests\Integers\Signed\Int32Test" classname="Nejcc.PhpDatatypes.Tests.Integers.Signed.Int32Test" assertions="3" time="0.000296"/>
      </testsuite>
      <testsuite name="Nejcc\PhpDatatypes\Tests\Integers\Signed\Int8Test" file="C:\wamp\www\php-datatypes\Tests\Integers\Signed\Int8Test.php" tests="15" assertions="17" errors="0" failures="0" skipped="0" time="0.006107">
        <testcase name="testValidInitialization" file="C:\wamp\www\php-datatypes\Tests\Integers\Signed\Int8Test.php" line="13" class="Nejcc\PhpDatatypes\Tests\Integers\Signed\Int8Test" classname="Nejcc.PhpDatatypes.Tests.Integers.Signed.Int8Test" assertions="1" time="0.000671"/>
        <testcase name="testInvalidInitialization" file="C:\wamp\www\php-datatypes\Tests\Integers\Signed\Int8Test.php" line="19" class="Nejcc\PhpDatatypes\Tests\Integers\Signed\Int8Test" classname="Nejcc.PhpDatatypes.Tests.Integers.Signed.Int8Test" assertions="1" time="0.000371"/>
        <testcase name="testAdditionWithinBounds" file="C:\wamp\www\php-datatypes\Tests\Integers\Signed\Int8Test.php" line="25" class="Nejcc\PhpDatatypes\Tests\Integers\Signed\Int8Test" classname="Nejcc.PhpDatatypes.Tests.Integers.Signed.Int8Test" assertions="1" time="0.000316"/>
        <testcase name="testAdditionOverflow" file="C:\wamp\www\php-datatypes\Tests\Integers\Signed\Int8Test.php" line="33" class="Nejcc\PhpDatatypes\Tests\Integers\Signed\Int8Test" classname="Nejcc.PhpDatatypes.Tests.Integers.Signed.Int8Test" assertions="1" time="0.000594"/>
        <testcase name="testSubtractionWithinBounds" file="C:\wamp\www\php-datatypes\Tests\Integers\Signed\Int8Test.php" line="41" class="Nejcc\PhpDatatypes\Tests\Integers\Signed\Int8Test" classname="Nejcc.PhpDatatypes.Tests.Integers.Signed.Int8Test" assertions="1" time="0.000309"/>
        <testcase name="testSubtractionUnderflow" file="C:\wamp\www\php-datatypes\Tests\Integers\Signed\Int8Test.php" line="49" class="Nejcc\PhpDatatypes\Tests\Integers\Signed\Int8Test" classname="Nejcc.PhpDatatypes.Tests.Integers.Signed.Int8Test" assertions="1" time="0.000576"/>
        <testcase name="testMultiplicationWithinBounds" file="C:\wamp\www\php-datatypes\Tests\Integers\Signed\Int8Test.php" line="57" class="Nejcc\PhpDatatypes\Tests\Integers\Signed\Int8Test" classname="Nejcc.PhpDatatypes.Tests.Integers.Signed.Int8Test" assertions="1" time="0.000312"/>
        <testcase name="testMultiplicationOverflow" file="C:\wamp\www\php-datatypes\Tests\Integers\Signed\Int8Test.php" line="65" class="Nejcc\PhpDatatypes\Tests\Integers\Signed\Int8Test" classname="Nejcc.PhpDatatypes.Tests.Integers.Signed.Int8Test" assertions="1" time="0.000547"/>
        <testcase name="testDivisionWithinBounds" file="C:\wamp\www\php-datatypes\Tests\Integers\Signed\Int8Test.php" line="73" class="Nejcc\PhpDatatypes\Tests\Integers\Signed\Int8Test" classname="Nejcc.PhpDatatypes.Tests.Integers.Signed.Int8Test" assertions="1" time="0.000306"/>
        <testcase name="testDivisionByZero" file="C:\wamp\www\php-datatypes\Tests\Integers\Signed\Int8Test.php" line="81" class="Nejcc\PhpDatatypes\Tests\Integers\Signed\Int8Test" classname="Nejcc.PhpDatatypes.Tests.Integers.Signed.Int8Test" assertions="1" time="0.000539"/>
        <testcase name="testDivisionResultNotInteger" file="C:\wamp\www\php-datatypes\Tests\Integers\Signed\Int8Test.php" line="89" class="Nejcc\PhpDatatypes\Tests\Integers\Signed\Int8Test" classname="Nejcc.PhpDatatypes.Tests.Integers.Signed.Int8Test" assertions="1" time="0.000390"/>
        <testcase name="testModulusWithinBounds" file="C:\wamp\www\php-datatypes\Tests\Integers\Signed\Int8Test.php" line="97" class="Nejcc\PhpDatatypes\Tests\Integers\Signed\Int8Test" classname="Nejcc.PhpDatatypes.Tests.Integers.Signed.Int8Test" assertions="1" time="0.000304"/>
        <testcase name="testEquality" file="C:\wamp\www\php-datatypes\Tests\Integers\Signed\Int8Test.php" line="105" class="Nejcc\PhpDatatypes\Tests\Integers\Signed\Int8Test" classname="Nejcc.PhpDatatypes.Tests.Integers.Signed.Int8Test" assertions="1" time="0.000288"/>
        <testcase name="testInequality" file="C:\wamp\www\php-datatypes\Tests\Integers\Signed\Int8Test.php" line="112" class="Nejcc\PhpDatatypes\Tests\Integers\Signed\Int8Test" classname="Nejcc.PhpDatatypes.Tests.Integers.Signed.Int8Test" assertions="1" time="0.000289"/>
        <testcase name="testComparison" file="C:\wamp\www\php-datatypes\Tests\Integers\Signed\Int8Test.php" line="119" class="Nejcc\PhpDatatypes\Tests\Integers\Signed\Int8Test" classname="Nejcc.PhpDatatypes.Tests.Integers.Signed.Int8Test" assertions="3" time="0.000295"/>
      </testsuite>
      <testsuite name="Nejcc\PhpDatatypes\Tests\Integers\Unsigned\UInt16Test" file="C:\wamp\www\php-datatypes\Tests\Integers\Unsigned\UInt16Test.php" tests="14" assertions="16" errors="0" failures="0" skipped="0" time="0.005680">
        <testcase name="testValidInitialization" file="C:\wamp\www\php-datatypes\Tests\Integers\Unsigned\UInt16Test.php" line="12" class="Nejcc\PhpDatatypes\Tests\Integers\Unsigned\UInt16Test" classname="Nejcc.PhpDatatypes.Tests.Integers.Unsigned.UInt16Test" assertions="1" time="0.000763"/>
        <testcase name="testInvalidInitialization" file="C:\wamp\www\php-datatypes\Tests\Integers\Unsigned\UInt16Test.php" line="18" class="Nejcc\PhpDatatypes\Tests\Integers\Unsigned\UInt16Test" classname="Nejcc.PhpDatatypes.Tests.Integers.Unsigned.UInt16Test" assertions="1" time="0.000370"/>
        <testcase name="testAdditionWithinBounds" file="C:\wamp\www\php-datatypes\Tests\Integers\Unsigned\UInt16Test.php" line="24" class="Nejcc\PhpDatatypes\Tests\Integers\Unsigned\UInt16Test" classname="Nejcc.PhpDatatypes.Tests.Integers.Unsigned.UInt16Test" assertions="1" time="0.000303"/>
        <testcase name="testAdditionOverflow" file="C:\wamp\www\php-datatypes\Tests\Integers\Unsigned\UInt16Test.php" line="32" class="Nejcc\PhpDatatypes\Tests\Integers\Unsigned\UInt16Test" classname="Nejcc.PhpDatatypes.Tests.Integers.Unsigned.UInt16Test" assertions="1" time="0.000544"/>
        <testcase name="testSubtractionWithinBounds" file="C:\wamp\www\php-datatypes\Tests\Integers\Unsigned\UInt16Test.php" line="40" class="Nejcc\PhpDatatypes\Tests\Integers\Unsigned\UInt16Test" classname="Nejcc.PhpDatatypes.Tests.Integers.Unsigned.UInt16Test" assertions="1" time="0.000304"/>
        <testcase name="testSubtractionUnderflow" file="C:\wamp\www\php-datatypes\Tests\Integers\Unsigned\UInt16Test.php" line="48" class="Nejcc\PhpDatatypes\Tests\Integers\Unsigned\UInt16Test" classname="Nejcc.PhpDatatypes.Tests.Integers.Unsigned.UInt16Test" assertions="1" time="0.000543"/>
        <testcase name="testMultiplicationWithinBounds" file="C:\wamp\www\php-datatypes\Tests\Integers\Unsigned\UInt16Test.php" line="56" class="Nejcc\PhpDatatypes\Tests\Integers\Unsigned\UInt16Test" classname="Nejcc.PhpDatatypes.Tests.Integers.Unsigned.UInt16Test" assertions="1" time="0.000308"/>
        <testcase name="testMultiplicationOverflow" file="C:\wamp\www\php-datatypes\Tests\Integers\Unsigned\UInt16Test.php" line="64" class="Nejcc\PhpDatatypes\Tests\Integers\Unsigned\UInt16Test" classname="Nejcc.PhpDatatypes.Tests.Integers.Unsigned.UInt16Test" assertions="1" time="0.000540"/>
        <testcase name="testDivisionWithinBounds" file="C:\wamp\www\php-datatypes\Tests\Integers\Unsigned\UInt16Test.php" line="72" class="Nejcc\PhpDatatypes\Tests\Integers\Unsigned\UInt16Test" classname="Nejcc.PhpDatatypes.Tests.Integers.Unsigned.UInt16Test" assertions="1" time="0.000304"/>
        <testcase name="testDivisionByZero" file="C:\wamp\www\php-datatypes\Tests\Integers\Unsigned\UInt16Test.php" line="80" class="Nejcc\PhpDatatypes\Tests\Integers\Unsigned\UInt16Test" classname="Nejcc.PhpDatatypes.Tests.Integers.Unsigned.UInt16Test" assertions="1" time="0.000530"/>
        <testcase name="testModulusWithinBounds" file="C:\wamp\www\php-datatypes\Tests\Integers\Unsigned\UInt16Test.php" line="88" class="Nejcc\PhpDatatypes\Tests\Integers\Unsigned\UInt16Test" classname="Nejcc.PhpDatatypes.Tests.Integers.Unsigned.UInt16Test" assertions="1" time="0.000290"/>
        <testcase name="testEquality" file="C:\wamp\www\php-datatypes\Tests\Integers\Unsigned\UInt16Test.php" line="96" class="Nejcc\PhpDatatypes\Tests\Integers\Unsigned\UInt16Test" classname="Nejcc.PhpDatatypes.Tests.Integers.Unsigned.UInt16Test" assertions="1" time="0.000290"/>
        <testcase name="testInequality" file="C:\wamp\www\php-datatypes\Tests\Integers\Unsigned\UInt16Test.php" line="103" class="Nejcc\PhpDatatypes\Tests\Integers\Unsigned\UInt16Test" classname="Nejcc.PhpDatatypes.Tests.Integers.Unsigned.UInt16Test" assertions="1" time="0.000298"/>
        <testcase name="testComparison" file="C:\wamp\www\php-datatypes\Tests\Integers\Unsigned\UInt16Test.php" line="110" class="Nejcc\PhpDatatypes\Tests\Integers\Unsigned\UInt16Test" classname="Nejcc.PhpDatatypes.Tests.Integers.Unsigned.UInt16Test" assertions="3" time="0.000294"/>
      </testsuite>
      <testsuite name="Nejcc\PhpDatatypes\Tests\Integers\Unsigned\UInt32Test" file="C:\wamp\www\php-datatypes\Tests\Integers\Unsigned\UInt32Test.php" tests="14" assertions="16" errors="0" failures="0" skipped="0" time="0.005554">
        <testcase name="testValidInitialization" file="C:\wamp\www\php-datatypes\Tests\Integers\Unsigned\UInt32Test.php" line="12" class="Nejcc\PhpDatatypes\Tests\Integers\Unsigned\UInt32Test" classname="Nejcc.PhpDatatypes.Tests.Integers.Unsigned.UInt32Test" assertions="1" time="0.000618"/>
        <testcase name="testInvalidInitialization" file="C:\wamp\www\php-datatypes\Tests\Integers\Unsigned\UInt32Test.php" line="18" class="Nejcc\PhpDatatypes\Tests\Integers\Unsigned\UInt32Test" classname="Nejcc.PhpDatatypes.Tests.Integers.Unsigned.UInt32Test" assertions="1" time="0.000359"/>
        <testcase name="testAdditionWithinBounds" file="C:\wamp\www\php-datatypes\Tests\Integers\Unsigned\UInt32Test.php" line="24" class="Nejcc\PhpDatatypes\Tests\Integers\Unsigned\UInt32Test" classname="Nejcc.PhpDatatypes.Tests.Integers.Unsigned.UInt32Test" assertions="1" time="0.000309"/>
        <testcase name="testAdditionOverflow" file="C:\wamp\www\php-datatypes\Tests\Integers\Unsigned\UInt32Test.php" line="32" class="Nejcc\PhpDatatypes\Tests\Integers\Unsigned\UInt32Test" classname="Nejcc.PhpDatatypes.Tests.Integers.Unsigned.UInt32Test" assertions="1" time="0.000544"/>
        <testcase name="testSubtractionWithinBounds" file="C:\wamp\www\php-datatypes\Tests\Integers\Unsigned\UInt32Test.php" line="40" class="Nejcc\PhpDatatypes\Tests\Integers\Unsigned\UInt32Test" classname="Nejcc.PhpDatatypes.Tests.Integers.Unsigned.UInt32Test" assertions="1" time="0.000304"/>
        <testcase name="testSubtractionUnderflow" file="C:\wamp\www\php-datatypes\Tests\Integers\Unsigned\UInt32Test.php" line="48" class="Nejcc\PhpDatatypes\Tests\Integers\Unsigned\UInt32Test" classname="Nejcc.PhpDatatypes.Tests.Integers.Unsigned.UInt32Test" assertions="1" time="0.000550"/>
        <testcase name="testMultiplicationWithinBounds" file="C:\wamp\www\php-datatypes\Tests\Integers\Unsigned\UInt32Test.php" line="56" class="Nejcc\PhpDatatypes\Tests\Integers\Unsigned\UInt32Test" classname="Nejcc.PhpDatatypes.Tests.Integers.Unsigned.UInt32Test" assertions="1" time="0.000298"/>
        <testcase name="testMultiplicationOverflow" file="C:\wamp\www\php-datatypes\Tests\Integers\Unsigned\UInt32Test.php" line="64" class="Nejcc\PhpDatatypes\Tests\Integers\Unsigned\UInt32Test" classname="Nejcc.PhpDatatypes.Tests.Integers.Unsigned.UInt32Test" assertions="1" time="0.000535"/>
        <testcase name="testDivisionWithinBounds" file="C:\wamp\www\php-datatypes\Tests\Integers\Unsigned\UInt32Test.php" line="72" class="Nejcc\PhpDatatypes\Tests\Integers\Unsigned\UInt32Test" classname="Nejcc.PhpDatatypes.Tests.Integers.Unsigned.UInt32Test" assertions="1" time="0.000303"/>
        <testcase name="testDivisionByZero" file="C:\wamp\www\php-datatypes\Tests\Integers\Unsigned\UInt32Test.php" line="80" class="Nejcc\PhpDatatypes\Tests\Integers\Unsigned\UInt32Test" classname="Nejcc.PhpDatatypes.Tests.Integers.Unsigned.UInt32Test" assertions="1" time="0.000565"/>
        <testcase name="testModulusWithinBounds" file="C:\wamp\www\php-datatypes\Tests\Integers\Unsigned\UInt32Test.php" line="88" class="Nejcc\PhpDatatypes\Tests\Integers\Unsigned\UInt32Test" classname="Nejcc.PhpDatatypes.Tests.Integers.Unsigned.UInt32Test" assertions="1" time="0.000302"/>
        <testcase name="testEquality" file="C:\wamp\www\php-datatypes\Tests\Integers\Unsigned\UInt32Test.php" line="96" class="Nejcc\PhpDatatypes\Tests\Integers\Unsigned\UInt32Test" classname="Nejcc.PhpDatatypes.Tests.Integers.Unsigned.UInt32Test" assertions="1" time="0.000291"/>
        <testcase name="testInequality" file="C:\wamp\www\php-datatypes\Tests\Integers\Unsigned\UInt32Test.php" line="103" class="Nejcc\PhpDatatypes\Tests\Integers\Unsigned\UInt32Test" classname="Nejcc.PhpDatatypes.Tests.Integers.Unsigned.UInt32Test" assertions="1" time="0.000284"/>
        <testcase name="testComparison" file="C:\wamp\www\php-datatypes\Tests\Integers\Unsigned\UInt32Test.php" line="110" class="Nejcc\PhpDatatypes\Tests\Integers\Unsigned\UInt32Test" classname="Nejcc.PhpDatatypes.Tests.Integers.Unsigned.UInt32Test" assertions="3" time="0.000291"/>
      </testsuite>
      <testsuite name="Nejcc\PhpDatatypes\Tests\Integers\Unsigned\UInt8Test" file="C:\wamp\www\php-datatypes\Tests\Integers\Unsigned\UInt8Test.php" tests="14" assertions="16" errors="0" failures="0" skipped="0" time="0.005546">
        <testcase name="testValidInitialization" file="C:\wamp\www\php-datatypes\Tests\Integers\Unsigned\UInt8Test.php" line="12" class="Nejcc\PhpDatatypes\Tests\Integers\Unsigned\UInt8Test" classname="Nejcc.PhpDatatypes.Tests.Integers.Unsigned.UInt8Test" assertions="1" time="0.000614"/>
        <testcase name="testInvalidInitialization" file="C:\wamp\www\php-datatypes\Tests\Integers\Unsigned\UInt8Test.php" line="18" class="Nejcc\PhpDatatypes\Tests\Integers\Unsigned\UInt8Test" classname="Nejcc.PhpDatatypes.Tests.Integers.Unsigned.UInt8Test" assertions="1" time="0.000374"/>
        <testcase name="testAdditionWithinBounds" file="C:\wamp\www\php-datatypes\Tests\Integers\Unsigned\UInt8Test.php" line="24" class="Nejcc\PhpDatatypes\Tests\Integers\Unsigned\UInt8Test" classname="Nejcc.PhpDatatypes.Tests.Integers.Unsigned.UInt8Test" assertions="1" time="0.000303"/>
        <testcase name="testAdditionOverflow" file="C:\wamp\www\php-datatypes\Tests\Integers\Unsigned\UInt8Test.php" line="32" class="Nejcc\PhpDatatypes\Tests\Integers\Unsigned\UInt8Test" classname="Nejcc.PhpDatatypes.Tests.Integers.Unsigned.UInt8Test" assertions="1" time="0.000552"/>
        <testcase name="testSubtractionWithinBounds" file="C:\wamp\www\php-datatypes\Tests\Integers\Unsigned\UInt8Test.php" line="40" class="Nejcc\PhpDatatypes\Tests\Integers\Unsigned\UInt8Test" classname="Nejcc.PhpDatatypes.Tests.Integers.Unsigned.UInt8Test" assertions="1" time="0.000307"/>
        <testcase name="testSubtractionUnderflow" file="C:\wamp\www\php-datatypes\Tests\Integers\Unsigned\UInt8Test.php" line="48" class="Nejcc\PhpDatatypes\Tests\Integers\Unsigned\UInt8Test" classname="Nejcc.PhpDatatypes.Tests.Integers.Unsigned.UInt8Test" assertions="1" time="0.000541"/>
        <testcase name="testMultiplicationWithinBounds" file="C:\wamp\www\php-datatypes\Tests\Integers\Unsigned\UInt8Test.php" line="56" class="Nejcc\PhpDatatypes\Tests\Integers\Unsigned\UInt8Test" classname="Nejcc.PhpDatatypes.Tests.Integers.Unsigned.UInt8Test" assertions="1" time="0.000310"/>
        <testcase name="testMultiplicationOverflow" file="C:\wamp\www\php-datatypes\Tests\Integers\Unsigned\UInt8Test.php" line="64" class="Nejcc\PhpDatatypes\Tests\Integers\Unsigned\UInt8Test" classname="Nejcc.PhpDatatypes.Tests.Integers.Unsigned.UInt8Test" assertions="1" time="0.000539"/>
        <testcase name="testDivisionWithinBounds" file="C:\wamp\www\php-datatypes\Tests\Integers\Unsigned\UInt8Test.php" line="72" class="Nejcc\PhpDatatypes\Tests\Integers\Unsigned\UInt8Test" classname="Nejcc.PhpDatatypes.Tests.Integers.Unsigned.UInt8Test" assertions="1" time="0.000304"/>
        <testcase name="testDivisionByZero" file="C:\wamp\www\php-datatypes\Tests\Integers\Unsigned\UInt8Test.php" line="80" class="Nejcc\PhpDatatypes\Tests\Integers\Unsigned\UInt8Test" classname="Nejcc.PhpDatatypes.Tests.Integers.Unsigned.UInt8Test" assertions="1" time="0.000543"/>
        <testcase name="testModulusWithinBounds" file="C:\wamp\www\php-datatypes\Tests\Integers\Unsigned\UInt8Test.php" line="88" class="Nejcc\PhpDatatypes\Tests\Integers\Unsigned\UInt8Test" classname="Nejcc.PhpDatatypes.Tests.Integers.Unsigned.UInt8Test" assertions="1" time="0.000305"/>
        <testcase name="testEquality" file="C:\wamp\www\php-datatypes\Tests\Integers\Unsigned\UInt8Test.php" line="96" class="Nejcc\PhpDatatypes\Tests\Integers\Unsigned\UInt8Test" classname="Nejcc.PhpDatatypes.Tests.Integers.Unsigned.UInt8Test" assertions="1" time="0.000293"/>
        <testcase name="testInequality" file="C:\wamp\www\php-datatypes\Tests\Integers\Unsigned\UInt8Test.php" line="103" class="Nejcc\PhpDatatypes\Tests\Integers\Unsigned\UInt8Test" classname="Nejcc.PhpDatatypes.Tests.Integers.Unsigned.UInt8Test" assertions="1" time="0.000278"/>
        <testcase name="testComparison" file="C:\wamp\www\php-datatypes\Tests\Integers\Unsigned\UInt8Test.php" line="110" class="Nejcc\PhpDatatypes\Tests\Integers\Unsigned\UInt8Test" classname="Nejcc.PhpDatatypes.Tests.Integers.Unsigned.UInt8Test" assertions="3" time="0.000284"/>
      </testsuite>
      <testsuite name="Nejcc\PhpDatatypes\Tests\ListDataTest" file="C:\wamp\www\php-datatypes\Tests\ListDataTest.php" tests="9" assertions="15" errors="0" failures="0" skipped="0" time="0.004273">
        <testcase name="testCanInitializeWithElements" file="C:\wamp\www\php-datatypes\Tests\ListDataTest.php" line="12" class="Nejcc\PhpDatatypes\Tests\ListDataTest" classname="Nejcc.PhpDatatypes.Tests.ListDataTest" assertions="2" time="0.000726"/>
        <testcase name="testAddElementsToList" file="C:\wamp\www\php-datatypes\Tests\ListDataTest.php" line="20" class="Nejcc\PhpDatatypes\Tests\ListDataTest" classname="Nejcc.PhpDatatypes.Tests.ListDataTest" assertions="2" time="0.000311"/>
        <testcase name="testRemoveElementFromList" file="C:\wamp\www\php-datatypes\Tests\ListDataTest.php" line="30" class="Nejcc\PhpDatatypes\Tests\ListDataTest" classname="Nejcc.PhpDatatypes.Tests.ListDataTest" assertions="2" time="0.000607"/>
        <testcase name="testContainsElement" file="C:\wamp\www\php-datatypes\Tests\ListDataTest.php" line="46" class="Nejcc\PhpDatatypes\Tests\ListDataTest" classname="Nejcc.PhpDatatypes.Tests.ListDataTest" assertions="2" time="0.000302"/>
        <testcase name="testGetAllElements" file="C:\wamp\www\php-datatypes\Tests\ListDataTest.php" line="54" class="Nejcc\PhpDatatypes\Tests\ListDataTest" classname="Nejcc.PhpDatatypes.Tests.ListDataTest" assertions="1" time="0.000291"/>
        <testcase name="testGetListSize" file="C:\wamp\www\php-datatypes\Tests\ListDataTest.php" line="61" class="Nejcc\PhpDatatypes\Tests\ListDataTest" classname="Nejcc.PhpDatatypes.Tests.ListDataTest" assertions="2" time="0.000294"/>
        <testcase name="testClearList" file="C:\wamp\www\php-datatypes\Tests\ListDataTest.php" line="71" class="Nejcc\PhpDatatypes\Tests\ListDataTest" classname="Nejcc.PhpDatatypes.Tests.ListDataTest" assertions="2" time="0.000563"/>
        <testcase name="testGetNonExistentElementThrowsException" file="C:\wamp\www\php-datatypes\Tests\ListDataTest.php" line="80" class="Nejcc\PhpDatatypes\Tests\ListDataTest" classname="Nejcc.PhpDatatypes.Tests.ListDataTest" assertions="1" time="0.000611"/>
        <testcase name="testRemoveNonExistentElementThrowsException" file="C:\wamp\www\php-datatypes\Tests\ListDataTest.php" line="88" class="Nejcc\PhpDatatypes\Tests\ListDataTest" classname="Nejcc.PhpDatatypes.Tests.ListDataTest" assertions="1" time="0.000567"/>
      </testsuite>
      <testsuite name="Nejcc\PhpDatatypes\Tests\StringArrayTest" file="C:\wamp\www\php-datatypes\Tests\StringArrayTest.php" tests="17" assertions="29" errors="0" failures="0" skipped="0" time="0.006395">
        <testcase name="testCreateValidStringArray" file="C:\wamp\www\php-datatypes\Tests\StringArrayTest.php" line="12" class="Nejcc\PhpDatatypes\Tests\StringArrayTest" classname="Nejcc.PhpDatatypes.Tests.StringArrayTest" assertions="1" time="0.000758"/>
        <testcase name="testInvalidStringArrayThrowsException" file="C:\wamp\www\php-datatypes\Tests\StringArrayTest.php" line="18" class="Nejcc\PhpDatatypes\Tests\StringArrayTest" classname="Nejcc.PhpDatatypes.Tests.StringArrayTest" assertions="1" time="0.000832"/>
        <testcase name="testAddStringToNewInstance" file="C:\wamp\www\php-datatypes\Tests\StringArrayTest.php" line="24" class="Nejcc\PhpDatatypes\Tests\StringArrayTest" classname="Nejcc.PhpDatatypes.Tests.StringArrayTest" assertions="3" time="0.000328"/>
        <testcase name="testRemoveStringFromArray" file="C:\wamp\www\php-datatypes\Tests\StringArrayTest.php" line="34" class="Nejcc\PhpDatatypes\Tests\StringArrayTest" classname="Nejcc.PhpDatatypes.Tests.StringArrayTest" assertions="3" time="0.000317"/>
        <testcase name="testRemoveNonExistentStringDoesNothing" file="C:\wamp\www\php-datatypes\Tests\StringArrayTest.php" line="44" class="Nejcc\PhpDatatypes\Tests\StringArrayTest" classname="Nejcc.PhpDatatypes.Tests.StringArrayTest" assertions="1" time="0.000317"/>
        <testcase name="testContains" file="C:\wamp\www\php-datatypes\Tests\StringArrayTest.php" line="54" class="Nejcc\PhpDatatypes\Tests\StringArrayTest" classname="Nejcc.PhpDatatypes.Tests.StringArrayTest" assertions="2" time="0.000294"/>
        <testcase name="testCountStrings" file="C:\wamp\www\php-datatypes\Tests\StringArrayTest.php" line="62" class="Nejcc\PhpDatatypes\Tests\StringArrayTest" classname="Nejcc.PhpDatatypes.Tests.StringArrayTest" assertions="1" time="0.000291"/>
        <testcase name="testToString" file="C:\wamp\www\php-datatypes\Tests\StringArrayTest.php" line="68" class="Nejcc\PhpDatatypes\Tests\StringArrayTest" classname="Nejcc.PhpDatatypes.Tests.StringArrayTest" assertions="2" time="0.000294"/>
        <testcase name="testFilterByPrefix" file="C:\wamp\www\php-datatypes\Tests\StringArrayTest.php" line="75" class="Nejcc\PhpDatatypes\Tests\StringArrayTest" classname="Nejcc.PhpDatatypes.Tests.StringArrayTest" assertions="1" time="0.000301"/>
        <testcase name="testFilterBySubstring" file="C:\wamp\www\php-datatypes\Tests\StringArrayTest.php" line="83" class="Nejcc\PhpDatatypes\Tests\StringArrayTest" classname="Nejcc.PhpDatatypes.Tests.StringArrayTest" assertions="1" time="0.000304"/>
        <testcase name="testToUpperCase" file="C:\wamp\www\php-datatypes\Tests\StringArrayTest.php" line="91" class="Nejcc\PhpDatatypes\Tests\StringArrayTest" classname="Nejcc.PhpDatatypes.Tests.StringArrayTest" assertions="2" time="0.000292"/>
        <testcase name="testToLowerCase" file="C:\wamp\www\php-datatypes\Tests\StringArrayTest.php" line="100" class="Nejcc\PhpDatatypes\Tests\StringArrayTest" classname="Nejcc.PhpDatatypes.Tests.StringArrayTest" assertions="2" time="0.000290"/>
        <testcase name="testClearArray" file="C:\wamp\www\php-datatypes\Tests\StringArrayTest.php" line="109" class="Nejcc\PhpDatatypes\Tests\StringArrayTest" classname="Nejcc.PhpDatatypes.Tests.StringArrayTest" assertions="2" time="0.000290"/>
        <testcase name="testArrayAccess" file="C:\wamp\www\php-datatypes\Tests\StringArrayTest.php" line="118" class="Nejcc\PhpDatatypes\Tests\StringArrayTest" classname="Nejcc.PhpDatatypes.Tests.StringArrayTest" assertions="3" time="0.000287"/>
        <testcase name="testOffsetSetThrowsException" file="C:\wamp\www\php-datatypes\Tests\StringArrayTest.php" line="126" class="Nejcc\PhpDatatypes\Tests\StringArrayTest" classname="Nejcc.PhpDatatypes.Tests.StringArrayTest" assertions="1" time="0.000523"/>
        <testcase name="testOffsetUnsetThrowsException" file="C:\wamp\www\php-datatypes\Tests\StringArrayTest.php" line="133" class="Nejcc\PhpDatatypes\Tests\StringArrayTest" classname="Nejcc.PhpDatatypes.Tests.StringArrayTest" assertions="1" time="0.000378"/>
        <testcase name="testIterator" file="C:\wamp\www\php-datatypes\Tests\StringArrayTest.php" line="140" class="Nejcc\PhpDatatypes\Tests\StringArrayTest" classname="Nejcc.PhpDatatypes.Tests.StringArrayTest" assertions="2" time="0.000300"/>
      </testsuite>
      <testsuite name="Nejcc\PhpDatatypes\Tests\StructTest" file="C:\wamp\www\php-datatypes\Tests\StructTest.php" tests="5" assertions="13" errors="0" failures="0" skipped="0" time="0.003149">
        <testcase name="testStructSetAndGet" file="C:\wamp\www\php-datatypes\Tests\StructTest.php" line="13" class="Nejcc\PhpDatatypes\Tests\StructTest" classname="Nejcc.PhpDatatypes.Tests.StructTest" assertions="3" time="0.001218"/>
        <testcase name="testMagicMethods" file="C:\wamp\www\php-datatypes\Tests\StructTest.php" line="33" class="Nejcc\PhpDatatypes\Tests\StructTest" classname="Nejcc.PhpDatatypes.Tests.StructTest" assertions="3" time="0.000317"/>
        <testcase name="testStructHelperFunction" file="C:\wamp\www\php-datatypes\Tests\StructTest.php" line="53" class="Nejcc\PhpDatatypes\Tests\StructTest" classname="Nejcc.PhpDatatypes.Tests.StructTest" assertions="3" time="0.000320"/>
        <testcase name="testInvalidFieldThrowsException" file="C:\wamp\www\php-datatypes\Tests\StructTest.php" line="73" class="Nejcc\PhpDatatypes\Tests\StructTest" classname="Nejcc.PhpDatatypes.Tests.StructTest" assertions="2" time="0.000686"/>
        <testcase name="testInvalidTypeThrowsException" file="C:\wamp\www\php-datatypes\Tests\StructTest.php" line="85" class="Nejcc\PhpDatatypes\Tests\StructTest" classname="Nejcc.PhpDatatypes.Tests.StructTest" assertions="2" time="0.000607"/>
      </testsuite>
      <testsuite name="Nejcc\PhpDatatypes\Tests\UnionTest" file="C:\wamp\www\php-datatypes\Tests\UnionTest.php" tests="8" assertions="10" errors="0" failures="0" skipped="0" time="0.003869">
        <testcase name="testConstructorSetsAllowedTypes" file="C:\wamp\www\php-datatypes\Tests\UnionTest.php" line="17" class="Nejcc\PhpDatatypes\Tests\UnionTest" classname="Nejcc.PhpDatatypes.Tests.UnionTest" assertions="1" time="0.000979"/>
        <testcase name="testSetValueWithValidType" file="C:\wamp\www\php-datatypes\Tests\UnionTest.php" line="26" class="Nejcc\PhpDatatypes\Tests\UnionTest" classname="Nejcc.PhpDatatypes.Tests.UnionTest" assertions="2" time="0.000345"/>
        <testcase name="testSetValueWithInvalidTypeThrowsException" file="C:\wamp\www\php-datatypes\Tests\UnionTest.php" line="39" class="Nejcc\PhpDatatypes\Tests\UnionTest" classname="Nejcc.PhpDatatypes.Tests.UnionTest" assertions="1" time="0.000691"/>
        <testcase name="testSetValueWithObjectType" file="C:\wamp\www\php-datatypes\Tests\UnionTest.php" line="50" class="Nejcc\PhpDatatypes\Tests\UnionTest" classname="Nejcc.PhpDatatypes.Tests.UnionTest" assertions="1" time="0.000336"/>
        <testcase name="testAddAllowedType" file="C:\wamp\www\php-datatypes\Tests\UnionTest.php" line="62" class="Nejcc\PhpDatatypes\Tests\UnionTest" classname="Nejcc.PhpDatatypes.Tests.UnionTest" assertions="1" time="0.000305"/>
        <testcase name="testIsTypeWithScalarTypes" file="C:\wamp\www\php-datatypes\Tests\UnionTest.php" line="74" class="Nejcc\PhpDatatypes\Tests\UnionTest" classname="Nejcc.PhpDatatypes.Tests.UnionTest" assertions="2" time="0.000315"/>
        <testcase name="testIsTypeWithObjectTypes" file="C:\wamp\www\php-datatypes\Tests\UnionTest.php" line="86" class="Nejcc\PhpDatatypes\Tests\UnionTest" classname="Nejcc.PhpDatatypes.Tests.UnionTest" assertions="1" time="0.000296"/>
        <testcase name="testValidateTypeThrowsExceptionForInvalidObjectType" file="C:\wamp\www\php-datatypes\Tests\UnionTest.php" line="98" class="Nejcc\PhpDatatypes\Tests\UnionTest" classname="Nejcc.PhpDatatypes.Tests.UnionTest" assertions="1" time="0.000602"/>
      </testsuite>
    </testsuite>
  </testsuite>
</testsuites>
